  [1m[36m (1.2ms)[0m  [1mCREATE TABLE "schema_migrations" ("version" varchar NOT NULL) [0m
  [1m[35m (0.0ms)[0m  select sqlite_version(*)
  [1m[36m (1.0ms)[0m  [1mCREATE UNIQUE INDEX "unique_schema_migrations" ON "schema_migrations" ("version")[0m
  [1m[35mActiveRecord::SchemaMigration Load (0.1ms)[0m  SELECT "schema_migrations".* FROM "schema_migrations"
  [1m[36mActiveRecord::SchemaMigration Load (0.1ms)[0m  [1mSELECT "schema_migrations".* FROM "schema_migrations"[0m
Migrating to CreatePosts (20151230232412)
  [1m[35m (0.1ms)[0m  begin transaction
  [1m[36m (0.4ms)[0m  [1mCREATE TABLE "posts" ("id" INTEGER PRIMARY KEY AUTOINCREMENT NOT NULL, "title" varchar, "description" text, "created_at" datetime NOT NULL, "updated_at" datetime NOT NULL) [0m
  [1m[35mSQL (0.2ms)[0m  INSERT INTO "schema_migrations" ("version") VALUES (?)  [["version", "20151230232412"]]
  [1m[36m (1.3ms)[0m  [1mcommit transaction[0m
  [1m[35mActiveRecord::SchemaMigration Load (0.1ms)[0m  SELECT "schema_migrations".* FROM "schema_migrations"


Started GET "/posts/new" for ::1 at 2015-12-31 13:44:56 -0600
  [1m[36mActiveRecord::SchemaMigration Load (0.1ms)[0m  [1mSELECT "schema_migrations".* FROM "schema_migrations"[0m
Processing by PostsController#new as HTML
  Rendered posts/new.html.erb within layouts/application (2.1ms)
Completed 200 OK in 347ms (Views: 326.8ms | ActiveRecord: 0.2ms)


Started GET "/assets/application.self-e80e8f2318043e8af94dddc2adad5a4f09739a8ebb323b3ab31cd71d45fd9113.css?body=1" for ::1 at 2015-12-31 13:44:57 -0600


Started GET "/assets/application.self-3b8dabdc891efe46b9a144b400ad69e37d7e5876bdc39dee783419a69d7ca819.js?body=1" for ::1 at 2015-12-31 13:44:57 -0600


Started POST "/posts" for ::1 at 2015-12-31 13:45:03 -0600
Processing by PostsController#create as HTML
  Parameters: {"utf8"=>"✓", "authenticity_token"=>"mFCuNJP5reOW19phdr4zXRLzOMo4NZQ3wneiVR+RO/+owIoDiOxh24iHKkZ7DGazxbSIoRmvIOmJgA4gog1sGg==", "title"=>"Rails Introduction Quiz", "description"=>"asdfasdf", "commit"=>"Submit Post"}
  [1m[35m (0.1ms)[0m  begin transaction
  [1m[36mSQL (0.4ms)[0m  [1mINSERT INTO "posts" ("title", "description", "created_at", "updated_at") VALUES (?, ?, ?, ?)[0m  [["title", "Rails Introduction Quiz"], ["description", "asdfasdf"], ["created_at", "2015-12-31 19:45:03.614973"], ["updated_at", "2015-12-31 19:45:03.614973"]]
  [1m[35m (1.2ms)[0m  commit transaction
Redirected to http://localhost:3000/posts/1
Completed 302 Found in 22ms (ActiveRecord: 1.7ms)


Started GET "/posts/1" for ::1 at 2015-12-31 13:45:03 -0600
Processing by PostsController#show as HTML
  Parameters: {"id"=>"1"}
  [1m[36mPost Load (0.2ms)[0m  [1mSELECT  "posts".* FROM "posts" WHERE "posts"."id" = ? LIMIT 1[0m  [["id", 1]]
  Rendered posts/show.html.erb within layouts/application (0.4ms)
Completed 200 OK in 27ms (Views: 10.4ms | ActiveRecord: 0.2ms)
  [1m[35m (8.4ms)[0m  [1m[35mCREATE TABLE "ar_internal_metadata" ("key" varchar NOT NULL PRIMARY KEY, "value" varchar, "created_at" datetime NOT NULL, "updated_at" datetime NOT NULL)[0m
  [1m[36mActiveRecord::SchemaMigration Load (0.2ms)[0m  [1m[34mSELECT "schema_migrations".* FROM "schema_migrations"[0m
  [1m[36mActiveRecord::InternalMetadata Load (0.1ms)[0m  [1m[34mSELECT  "ar_internal_metadata".* FROM "ar_internal_metadata" WHERE "ar_internal_metadata"."key" = ? LIMIT ?[0m  [["key", "environment"], ["LIMIT", 1]]
  [1m[35m (0.0ms)[0m  [1m[36mbegin transaction[0m
  [1m[35mSQL (0.1ms)[0m  [1m[32mINSERT INTO "ar_internal_metadata" ("key", "value", "created_at", "updated_at") VALUES (?, ?, ?, ?)[0m  [["key", "environment"], ["value", "development"], ["created_at", "2019-12-25 03:00:02.038912"], ["updated_at", "2019-12-25 03:00:02.038912"]]
  [1m[35m (5.3ms)[0m  [1m[36mcommit transaction[0m
  [1m[36mActiveRecord::SchemaMigration Load (0.0ms)[0m  [1m[34mSELECT "schema_migrations".* FROM "schema_migrations"[0m
  [1m[35m (0.1ms)[0m  [1m[36mbegin transaction[0m
  [1m[35mSQL (0.6ms)[0m  [1m[32mINSERT INTO "posts" ("title", "description", "created_at", "updated_at") VALUES (?, ?, ?, ?)[0m  [["title", "Title Goes Here"], ["description", "Desc goes here..."], ["created_at", "2019-12-25 03:00:53.005741"], ["updated_at", "2019-12-25 03:00:53.005741"]]
  [1m[35m (7.1ms)[0m  [1m[36mcommit transaction[0m
Started GET "/" for 127.0.0.1 at 2019-12-24 22:02:03 -0500
  [1m[36mActiveRecord::SchemaMigration Load (0.1ms)[0m  [1m[34mSELECT "schema_migrations".* FROM "schema_migrations"[0m
Processing by Rails::WelcomeController#index as HTML
  Parameters: {"internal"=>true}
  Rendering /home/tarric/.rvm/gems/ruby-2.6.3/gems/railties-5.0.7.2/lib/rails/templates/rails/welcome/index.html.erb
  Rendered /home/tarric/.rvm/gems/ruby-2.6.3/gems/railties-5.0.7.2/lib/rails/templates/rails/welcome/index.html.erb (1.6ms)
Completed 200 OK in 7ms (Views: 3.5ms | ActiveRecord: 0.0ms)


Started GET "/posts/new?post%5Btitle%5D=hello&post%5Bdescription%5D=gfhgfh" for 127.0.0.1 at 2019-12-24 22:02:09 -0500
Processing by PostsController#new as HTML
  Parameters: {"post"=>{"title"=>"hello", "description"=>"gfhgfh"}}
  Rendering posts/new.html.erb within layouts/application
  Rendered posts/new.html.erb within layouts/application (3.0ms)
Completed 200 OK in 161ms (Views: 153.9ms | ActiveRecord: 0.7ms)


Started GET "/posts/new" for 127.0.0.1 at 2019-12-24 22:02:15 -0500
Processing by PostsController#new as HTML
  Rendering posts/new.html.erb within layouts/application
  Rendered posts/new.html.erb within layouts/application (1.4ms)
Completed 200 OK in 15ms (Views: 13.6ms | ActiveRecord: 0.0ms)


Started POST "/posts" for 127.0.0.1 at 2019-12-24 22:02:20 -0500
Processing by PostsController#create as HTML
  Parameters: {"utf8"=>"✓", "authenticity_token"=>"eYg1+ia61yxoRCD/8gao2AY/BaLKiMHskxNfx0z/K3qqOwsq4+b7UtqkFsgn7fHA0eqL2fBncWxNbADgsLjHGw==", "title"=>"mfj", "description"=>"aetg", "commit"=>"Submit Post"}
  [1m[35m (0.1ms)[0m  [1m[36mbegin transaction[0m
  [1m[35mSQL (0.3ms)[0m  [1m[32mINSERT INTO "posts" ("title", "description", "created_at", "updated_at") VALUES (?, ?, ?, ?)[0m  [["title", "mfj"], ["description", "aetg"], ["created_at", "2019-12-25 03:02:20.802861"], ["updated_at", "2019-12-25 03:02:20.802861"]]
  [1m[35m (8.1ms)[0m  [1m[36mcommit transaction[0m
No template found for PostsController#create, rendering head :no_content
Completed 204 No Content in 21ms (ActiveRecord: 8.5ms)


Started GET "/posts/new" for 127.0.0.1 at 2019-12-24 22:02:26 -0500
Processing by PostsController#new as HTML
  Rendering posts/new.html.erb within layouts/application
  Rendered posts/new.html.erb within layouts/application (0.6ms)
Completed 200 OK in 6ms (Views: 5.6ms | ActiveRecord: 0.0ms)


Started POST "/posts" for 127.0.0.1 at 2019-12-24 22:02:30 -0500
Processing by PostsController#create as HTML
  Parameters: {"utf8"=>"✓", "authenticity_token"=>"PNVWQWrT0u8bm9BaxD1gTH+R9e9wa66063mUjj+85tHvZmiRr4/+kal75m0R1jlUqER7lEqEHjQ1Bsupw/sKsA==", "title"=>"nghnhg", "description"=>"nhgnhgnhgnhg", "commit"=>"Submit Post"}
  [1m[35m (0.2ms)[0m  [1m[36mbegin transaction[0m
  [1m[35mSQL (0.7ms)[0m  [1m[32mINSERT INTO "posts" ("title", "description", "created_at", "updated_at") VALUES (?, ?, ?, ?)[0m  [["title", "nghnhg"], ["description", "nhgnhgnhgnhg"], ["created_at", "2019-12-25 03:02:30.648386"], ["updated_at", "2019-12-25 03:02:30.648386"]]
  [1m[35m (4.4ms)[0m  [1m[36mcommit transaction[0m
No template found for PostsController#create, rendering head :no_content
Completed 204 No Content in 37ms (ActiveRecord: 5.3ms)


Started GET "/posts/new" for 127.0.0.1 at 2019-12-24 22:02:58 -0500
Processing by PostsController#new as HTML
  Rendering posts/new.html.erb within layouts/application
  Rendered posts/new.html.erb within layouts/application (1.3ms)
Completed 200 OK in 21ms (Views: 19.4ms | ActiveRecord: 0.0ms)


Started POST "/posts" for 127.0.0.1 at 2019-12-24 22:03:02 -0500
Processing by PostsController#create as HTML
  Parameters: {"utf8"=>"✓", "authenticity_token"=>"kXkmdSwwG0vXr2loQxwGHMhukDnrEo7S/zY6O7AOndZCyhil6Ww3NWVPX1+W918EH7seQtH9PlIhSWUcTElxtw==", "title"=>"bvzntb", "description"=>"nytsgfb", "commit"=>"Submit Post"}
  [1m[35m (0.2ms)[0m  [1m[36mbegin transaction[0m
  [1m[35mSQL (0.7ms)[0m  [1m[32mINSERT INTO "posts" ("title", "description", "created_at", "updated_at") VALUES (?, ?, ?, ?)[0m  [["title", "bvzntb"], ["description", "nytsgfb"], ["created_at", "2019-12-25 03:03:02.023946"], ["updated_at", "2019-12-25 03:03:02.023946"]]
  [1m[35m (4.9ms)[0m  [1m[36mcommit transaction[0m
No template found for PostsController#create, rendering head :no_content
Completed 204 No Content in 32ms (ActiveRecord: 5.8ms)


Started GET "/posts/new" for 127.0.0.1 at 2019-12-24 22:04:11 -0500
Processing by PostsController#new as HTML
  Rendering posts/new.html.erb within layouts/application
  Rendered posts/new.html.erb within layouts/application (0.6ms)
Completed 200 OK in 21ms (Views: 15.8ms | ActiveRecord: 0.6ms)


Started POST "/posts" for 127.0.0.1 at 2019-12-24 22:04:15 -0500
Processing by PostsController#create as HTML
  Parameters: {"utf8"=>"✓", "authenticity_token"=>"6ARbLoPtW4GmtpTQtXtfksGKYPEpZ2ITmDGmG9rJtDA7t2X+RrF3/xRWoudgkAaKFl/uihOI0pNGTvk8Jo5YUQ==", "title"=>"gaecv", "description"=>"tsrbcvbz", "commit"=>"Submit Post"}
  [1m[35m (0.1ms)[0m  [1m[36mbegin transaction[0m
  [1m[35mSQL (0.3ms)[0m  [1m[32mINSERT INTO "posts" ("title", "description", "created_at", "updated_at") VALUES (?, ?, ?, ?)[0m  [["title", "gaecv"], ["description", "tsrbcvbz"], ["created_at", "2019-12-25 03:04:15.340200"], ["updated_at", "2019-12-25 03:04:15.340200"]]
  [1m[35m (6.6ms)[0m  [1m[36mcommit transaction[0m
Redirected to http://localhost:3000/posts/6
Completed 302 Found in 12ms (ActiveRecord: 7.0ms)


Started GET "/posts/6" for 127.0.0.1 at 2019-12-24 22:04:15 -0500
Processing by PostsController#show as HTML
  Parameters: {"id"=>"6"}
  [1m[36mPost Load (0.2ms)[0m  [1m[34mSELECT  "posts".* FROM "posts" WHERE "posts"."id" = ? LIMIT ?[0m  [["id", 6], ["LIMIT", 1]]
  Rendering posts/show.html.erb within layouts/application
  Rendered posts/show.html.erb within layouts/application (0.5ms)
Completed 200 OK in 20ms (Views: 15.9ms | ActiveRecord: 0.2ms)


